Using cuda
#Frame: 10000, preparing replay buffer
#Frame: 20000, Loss: 0.023345
Last-10 average reward: -20.300000
#Frame: 30000, Loss: 0.023207
Last-10 average reward: -20.300000
#Frame: 40000, Loss: 0.023241
Last-10 average reward: -20.500000
#Frame: 50000, Loss: 0.023289
Last-10 average reward: -20.900000
#Frame: 60000, Loss: 0.023337
Last-10 average reward: -20.600000
#Frame: 70000, Loss: 0.023407
Last-10 average reward: -20.600000
#Frame: 80000, Loss: 0.023482
Last-10 average reward: -20.700000
#Frame: 90000, Loss: 0.023496
Last-10 average reward: -20.500000
#Frame: 100000, Loss: 0.023564
Last-10 average reward: -21.000000
#Frame: 110000, Loss: 0.023573
Last-10 average reward: -20.700000
#Frame: 120000, Loss: 0.023608
Last-10 average reward: -20.300000
#Frame: 130000, Loss: 0.023660
Last-10 average reward: -20.700000
#Frame: 140000, Loss: 0.023700
Last-10 average reward: -20.700000
#Frame: 150000, Loss: 0.023744
Last-10 average reward: -20.700000
#Frame: 160000, Loss: 0.023788
Last-10 average reward: -20.600000
#Frame: 170000, Loss: 0.023800
Last-10 average reward: -20.700000
#Frame: 180000, Loss: 0.023861
Last-10 average reward: -20.700000
#Frame: 190000, Loss: 0.023886
Last-10 average reward: -20.800000
#Frame: 200000, Loss: 0.023912
Last-10 average reward: -20.900000
#Frame: 210000, Loss: 0.023918
Last-10 average reward: -20.700000
#Frame: 220000, Loss: 0.023940
Last-10 average reward: -20.700000
#Frame: 230000, Loss: 0.023929
Last-10 average reward: -20.800000
#Frame: 240000, Loss: 0.023959
Last-10 average reward: -20.700000
#Frame: 250000, Loss: 0.023982
Last-10 average reward: -20.800000
#Frame: 260000, Loss: 0.023988
Last-10 average reward: -20.800000
#Frame: 270000, Loss: 0.024008
Last-10 average reward: -20.600000
#Frame: 280000, Loss: 0.024031
Last-10 average reward: -21.000000
#Frame: 290000, Loss: 0.024080
Last-10 average reward: -20.900000
#Frame: 300000, Loss: 0.024093
Last-10 average reward: -20.700000
#Frame: 310000, Loss: 0.024127
Last-10 average reward: -20.100000
#Frame: 320000, Loss: 0.024148
Last-10 average reward: -20.400000
#Frame: 330000, Loss: 0.024162
Last-10 average reward: -20.600000
#Frame: 340000, Loss: 0.024191
Last-10 average reward: -20.800000
#Frame: 350000, Loss: 0.024210
Last-10 average reward: -20.800000
#Frame: 360000, Loss: 0.024230
Last-10 average reward: -20.700000
#Frame: 370000, Loss: 0.024263
Last-10 average reward: -21.000000
#Frame: 380000, Loss: 0.024282
Last-10 average reward: -20.800000
#Frame: 390000, Loss: 0.024309
Last-10 average reward: -20.900000
#Frame: 400000, Loss: 0.024335
Last-10 average reward: -20.800000
#Frame: 410000, Loss: 0.024357
Last-10 average reward: -20.900000
#Frame: 420000, Loss: 0.024376
Last-10 average reward: -21.000000
#Frame: 430000, Loss: 0.024401
Last-10 average reward: -20.900000
#Frame: 440000, Loss: 0.024415
Last-10 average reward: -20.800000
#Frame: 450000, Loss: 0.024450
Last-10 average reward: -20.700000
#Frame: 460000, Loss: 0.024478
Last-10 average reward: -20.900000
#Frame: 470000, Loss: 0.024495
Last-10 average reward: -20.900000
#Frame: 480000, Loss: 0.024523
Last-10 average reward: -21.000000
#Frame: 490000, Loss: 0.024535
Last-10 average reward: -20.800000
#Frame: 500000, Loss: 0.024555
Last-10 average reward: -20.900000
#Frame: 510000, Loss: 0.024577
Last-10 average reward: -20.600000
#Frame: 520000, Loss: 0.024602
Last-10 average reward: -20.900000
#Frame: 530000, Loss: 0.024624
Last-10 average reward: -20.900000
#Frame: 540000, Loss: 0.024642
Last-10 average reward: -20.900000
#Frame: 550000, Loss: 0.024657
Last-10 average reward: -20.800000
#Frame: 560000, Loss: 0.024670
Last-10 average reward: -21.000000
#Frame: 570000, Loss: 0.024677
Last-10 average reward: -20.900000
#Frame: 580000, Loss: 0.024690
Last-10 average reward: -20.700000
#Frame: 590000, Loss: 0.024702
Last-10 average reward: -20.800000
#Frame: 600000, Loss: 0.024708
Last-10 average reward: -20.900000
#Frame: 610000, Loss: 0.024720
Last-10 average reward: -20.900000
#Frame: 620000, Loss: 0.024730
Last-10 average reward: -20.900000
#Frame: 630000, Loss: 0.024747
Last-10 average reward: -20.700000
#Frame: 640000, Loss: 0.024757
Last-10 average reward: -20.700000
#Frame: 650000, Loss: 0.024773
Last-10 average reward: -20.900000
#Frame: 660000, Loss: 0.024786
Last-10 average reward: -21.000000
#Frame: 670000, Loss: 0.024808
Last-10 average reward: -20.900000
#Frame: 680000, Loss: 0.024818
Last-10 average reward: -20.800000
#Frame: 690000, Loss: 0.024821
Last-10 average reward: -20.700000
#Frame: 700000, Loss: 0.024824
Last-10 average reward: -20.900000
#Frame: 710000, Loss: 0.024833
Last-10 average reward: -20.400000
#Frame: 720000, Loss: 0.024844
Last-10 average reward: -21.000000
#Frame: 730000, Loss: 0.024855
Last-10 average reward: -20.900000
#Frame: 740000, Loss: 0.024856
Last-10 average reward: -20.500000
#Frame: 750000, Loss: 0.024864
Last-10 average reward: -20.800000
#Frame: 760000, Loss: 0.024867
Last-10 average reward: -20.900000
#Frame: 770000, Loss: 0.024867
Last-10 average reward: -20.900000
#Frame: 780000, Loss: 0.024867
Last-10 average reward: -20.800000
#Frame: 790000, Loss: 0.024869
Last-10 average reward: -20.900000
#Frame: 800000, Loss: 0.024872
Last-10 average reward: -20.600000
#Frame: 810000, Loss: 0.024878
Last-10 average reward: -20.400000
#Frame: 820000, Loss: 0.024885
Last-10 average reward: -20.700000
#Frame: 830000, Loss: 0.024889
Last-10 average reward: -20.800000
#Frame: 840000, Loss: 0.024887
Last-10 average reward: -20.500000
#Frame: 850000, Loss: 0.024893
Last-10 average reward: -20.800000
#Frame: 860000, Loss: 0.024895
Last-10 average reward: -20.700000
#Frame: 870000, Loss: 0.024895
Last-10 average reward: -20.800000
#Frame: 880000, Loss: 0.024900
Last-10 average reward: -20.800000
#Frame: 890000, Loss: 0.024901
Last-10 average reward: -20.800000
#Frame: 900000, Loss: 0.024898
Last-10 average reward: -20.900000
#Frame: 910000, Loss: 0.024899
Last-10 average reward: -21.000000
#Frame: 920000, Loss: 0.024900
Last-10 average reward: -21.000000
#Frame: 930000, Loss: 0.024905
Last-10 average reward: -21.000000
#Frame: 940000, Loss: 0.024907
Last-10 average reward: -20.600000
#Frame: 950000, Loss: 0.024904
Last-10 average reward: -20.900000
#Frame: 960000, Loss: 0.024909
Last-10 average reward: -20.800000
#Frame: 970000, Loss: 0.024914
Last-10 average reward: -20.800000
#Frame: 980000, Loss: 0.024919
Last-10 average reward: -20.800000
#Frame: 990000, Loss: 0.024919
Last-10 average reward: -20.700000
#Frame: 1000000, Loss: 0.024922
Last-10 average reward: -20.800000
Exception ignored in: <bound method ALEInterface.__del__ of <atari_py.ale_python_interface.ALEInterface object at 0x7feed6f4e048>>
Traceback (most recent call last):
  File "/usr/local/lib/python3.5/dist-packages/atari_py/ale_python_interface.py", line 354, in __del__
AttributeError: 'NoneType' object has no attribute 'ALE_del'
